
**** Build of configuration Debug for project Experiment7_Complementary ****

"C:\\ti\\ccsv6\\utils\\bin\\gmake" -k all 
'Building file: //fs.ece.uprm.edu/students/s402120683/My Documents/Micro 2 files/micro2-repository-workspace/micro2-lab-experiments/custom-libraries/MIL_LCD_lib.c'
'Invoking: ARM Compiler'
"C:/ti/ccsv6/tools/compiler/ti-cgt-arm_5.2.2/bin/armcl" -mv7M4 --code_state=16 --float_support=FPv4SPD16 --abi=eabi -me --include_path="C:/ti/ccsv6/tools/compiler/ti-cgt-arm_5.2.2/include" --include_path="X:/My Documents/Micro 2 files/micro2-repository-workspace/micro2-lab-experiments/custom-libraries" --include_path="C:/ti/TivaWare_C_Series-2.1.4.178" --include_path="C:/Users/reyna/Documents/Code Composer/Micro2 Lab Workspace/micro2-lab-experiments/custom-libraries" -g --gcc --define=ccs="ccs" --define=PART_TM4C123GH6PM --display_error_number --diag_warning=225 --diag_wrap=off --preproc_with_compile --preproc_dependency="MIL_LCD_lib.pp"  "//fs.ece.uprm.edu/students/s402120683/My Documents/Micro 2 files/micro2-repository-workspace/micro2-lab-experiments/custom-libraries/MIL_LCD_lib.c"
'Finished building: //fs.ece.uprm.edu/students/s402120683/My Documents/Micro 2 files/micro2-repository-workspace/micro2-lab-experiments/custom-libraries/MIL_LCD_lib.c'
' '
'Building file: ../main.c'
'Invoking: ARM Compiler'
"C:/ti/ccsv6/tools/compiler/ti-cgt-arm_5.2.2/bin/armcl" -mv7M4 --code_state=16 --float_support=FPv4SPD16 --abi=eabi -me --include_path="C:/ti/ccsv6/tools/compiler/ti-cgt-arm_5.2.2/include" --include_path="X:/My Documents/Micro 2 files/micro2-repository-workspace/micro2-lab-experiments/custom-libraries" --include_path="C:/ti/TivaWare_C_Series-2.1.4.178" --include_path="C:/Users/reyna/Documents/Code Composer/Micro2 Lab Workspace/micro2-lab-experiments/custom-libraries" -g --gcc --define=ccs="ccs" --define=PART_TM4C123GH6PM --display_error_number --diag_warning=225 --diag_wrap=off --preproc_with_compile --preproc_dependency="main.pp"  "../main.c"
'Finished building: ../main.c'
' '
'Building file: //fs.ece.uprm.edu/students/s402120683/My Documents/Micro 2 files/micro2-repository-workspace/micro2-lab-experiments/custom-libraries/tivaUtils.c'
'Invoking: ARM Compiler'
"C:/ti/ccsv6/tools/compiler/ti-cgt-arm_5.2.2/bin/armcl" -mv7M4 --code_state=16 --float_support=FPv4SPD16 --abi=eabi -me --include_path="C:/ti/ccsv6/tools/compiler/ti-cgt-arm_5.2.2/include" --include_path="X:/My Documents/Micro 2 files/micro2-repository-workspace/micro2-lab-experiments/custom-libraries" --include_path="C:/ti/TivaWare_C_Series-2.1.4.178" --include_path="C:/Users/reyna/Documents/Code Composer/Micro2 Lab Workspace/micro2-lab-experiments/custom-libraries" -g --gcc --define=ccs="ccs" --define=PART_TM4C123GH6PM --display_error_number --diag_warning=225 --diag_wrap=off --preproc_with_compile --preproc_dependency="tivaUtils.pp"  "//fs.ece.uprm.edu/students/s402120683/My Documents/Micro 2 files/micro2-repository-workspace/micro2-lab-experiments/custom-libraries/tivaUtils.c"
'Finished building: //fs.ece.uprm.edu/students/s402120683/My Documents/Micro 2 files/micro2-repository-workspace/micro2-lab-experiments/custom-libraries/tivaUtils.c'
' '
'Building file: ../tm4c123gh6pm_startup_ccs.c'
'Invoking: ARM Compiler'
"C:/ti/ccsv6/tools/compiler/ti-cgt-arm_5.2.2/bin/armcl" -mv7M4 --code_state=16 --float_support=FPv4SPD16 --abi=eabi -me --include_path="C:/ti/ccsv6/tools/compiler/ti-cgt-arm_5.2.2/include" --include_path="X:/My Documents/Micro 2 files/micro2-repository-workspace/micro2-lab-experiments/custom-libraries" --include_path="C:/ti/TivaWare_C_Series-2.1.4.178" --include_path="C:/Users/reyna/Documents/Code Composer/Micro2 Lab Workspace/micro2-lab-experiments/custom-libraries" -g --gcc --define=ccs="ccs" --define=PART_TM4C123GH6PM --display_error_number --diag_warning=225 --diag_wrap=off --preproc_with_compile --preproc_dependency="tm4c123gh6pm_startup_ccs.pp"  "../tm4c123gh6pm_startup_ccs.c"
'Finished building: ../tm4c123gh6pm_startup_ccs.c'
' '
'Building target: Experiment7_Complementary.out'
'Invoking: ARM Linker'
"C:/ti/ccsv6/tools/compiler/ti-cgt-arm_5.2.2/bin/armcl" -mv7M4 --code_state=16 --float_support=FPv4SPD16 --abi=eabi -me -g --gcc --define=ccs="ccs" --define=PART_TM4C123GH6PM --display_error_number --diag_warning=225 --diag_wrap=off -z -m"Experiment7_Complementary.map" --heap_size=0 --stack_size=512 -i"C:/ti/ccsv6/tools/compiler/ti-cgt-arm_5.2.2/lib" -i"C:/ti/ccsv6/tools/compiler/ti-cgt-arm_5.2.2/include" --reread_libs --warn_sections --display_error_number --diag_wrap=off --xml_link_info="Experiment7_Complementary_linkInfo.xml" --rom_model -o "Experiment7_Complementary.out" "./MIL_LCD_lib.obj" "./main.obj" "./tivaUtils.obj" "./tm4c123gh6pm_startup_ccs.obj" "C:/ti/TivaWare_C_Series-2.1.4.178/driverlib/ccs/Debug/driverlib.lib" "../tm4c123gh6pm.cmd"  -l"libc.a" 
<Linking>
'Finished building target: Experiment7_Complementary.out'
' '

**** Build Finished ****
